<?xml version="1.0" encoding="UTF-8"?>
<testng-results ignored="0" total="1" passed="1" failed="0" skipped="0">
  <reporter-output>
  </reporter-output>
  <suite started-at="2024-06-04T16:13:01 IST" name="Default suite" finished-at="2024-06-04T16:13:01 IST" duration-ms="176">
    <groups>
    </groups>
    <test started-at="2024-06-04T16:13:01 IST" name="Default test" finished-at="2024-06-04T16:13:01 IST" duration-ms="176">
      <class name="seleniumclass.Testclass">
        <test-method is-config="true" signature="testbefore()[pri:0, instance:seleniumclass.Testclass@4b741d6d]" started-at="2024-06-04T16:13:01 IST" name="testbefore" finished-at="2024-06-04T16:13:01 IST" duration-ms="38" status="PASS">
          <reporter-output>
          </reporter-output>
        </test-method> <!-- testbefore -->
        <test-method signature="test()[pri:0, instance:seleniumclass.Testclass@4b741d6d]" started-at="2024-06-04T16:13:01 IST" name="test" finished-at="2024-06-04T16:13:01 IST" duration-ms="12" status="PASS">
          <reporter-output>
          </reporter-output>
        </test-method> <!-- test -->
        <test-method is-config="true" signature="testafter()[pri:0, instance:seleniumclass.Testclass@4b741d6d]" started-at="2024-06-04T16:13:01 IST" name="testafter" finished-at="2024-06-04T16:13:01 IST" duration-ms="1" status="PASS">
          <reporter-output>
          </reporter-output>
        </test-method> <!-- testafter -->
      </class> <!-- seleniumclass.Testclass -->
    </test> <!-- Default test -->
  </suite> <!-- Default suite -->
</testng-results>
